2024-11-24T23:21:53.017Z - Productos actualizados como HOT:[
  'Cuaderno Clásico',
  'Cuaderno Universitario',
  'Estuche para Lápices',
  'Pizarra Blanca Portátil'
]
2024-11-24T23:39:09.060Z - Productos actualizados como HOT: 
2024-11-24T23:42:05.639Z - Productos actualizados como HOT: 
2024-11-24T23:42:07.412Z - Productos actualizados como HOT: 
2024-11-24T23:42:10.419Z - Productos actualizados como HOT: 
2024-11-24T23:42:13.162Z - Productos actualizados como HOT: 
2024-11-24T23:42:20.258Z - Productos actualizados como HOT: 
2024-11-24T23:42:27.633Z - Productos actualizados como HOT: 
2024-11-24T23:42:35.066Z - Productos actualizados como HOT: 
2024-11-24T23:42:36.704Z - Productos actualizados como HOT: 
2024-11-24T23:42:46.922Z - Productos actualizados como HOT: 
2024-11-24T23:42:49.222Z - Productos actualizados como HOT: 
2024-11-24T23:45:11.496Z - Productos actualizados como HOT: 
2024-11-24T23:53:30.017Z - Productos actualizados como HOT: 
2024-11-24T23:56:15.806Z - Productos actualizados como HOT: 
2024-11-24T23:56:28.069Z - Productos actualizados como HOT: 
2024-11-24T23:56:29.495Z - Productos actualizados como HOT: 
2024-11-24T23:56:35.943Z - Productos actualizados como HOT: 
2024-11-24T23:56:43.833Z - Productos actualizados como HOT: 
2024-12-06T06:00:00.600Z - Productos actualizados como HOT: vaco ager talis esse adsuesco, sit ab ventus sunt, aveho auctus ipsa, surculus aro, dolorum adopto appositus, adamo maxime, amiculum quidem capitulus acidus, decens accusator ultio, adulescens thymum defaeco, veniam tergeo dicta ustilo et, video cornu stabilis tardus adulatio, sit vinum valens talis, amplitudo colo, dedecor ustulo adfero credo, taceo dolores, timor velociter cotidie spectaculum curto, vulgo quam, asper carcer angelus, suppono repudiandae turba armarium, adflicto sublime, qui desipio conor, aestus arca curtus, error voluptatibus brevis vulpes summa, conicio cognatus sulum celebrer conforto, comburo tres, aufero ustulo speciosus doloribus tametsi, usque vitium, virgo talis, antea versus volutabrum deleniti tero, damno verumtamen aurum, molestias artificiose inflammatio nulla sono, argentum cavus aqua credo, volutabrum aurum ambulo textilis apparatus, demulceo sufficio artificiose cogo, id conspergo callide, sol audacia molestiae vulnero, theca mollitia, iusto amissio quo tenetur, somniculosus quis
2024-12-13T06:00:00.566Z - Productos actualizados como HOT: Engrapadora de Oficina, Lápiz Grafito HB, Lápiz de Color Amarillo, Bolígrafo Azul, Bolígrafo Gel Verde, Rotulador Permanente Negro, Rotulador para Pizarras, Lápices de Colores (Caja 12), Marcador Fluorescente Amarillo, Marcador Fluorescente Rosa, Marcador Negro de Pizarra, Lápices de Pastel, Pincel N° 6, Lápiz 2B, Tinta de Rotulador, Set de Caligrafía, Borrador para Tinta, Sacapuntas Metálico, Pegamento en Barra, Tijeras Escolares, Tijeras de Oficina, Regla de 30 cm, Compás Metálico, Cinta Adhesiva Transparente, Notas Adhesivas, Perforadora de 2 Agujeros, Caja de Clips Metálicos, Grapadora Manual, Estuche de Lápices, Engrampadora de Bolsillo, Caja Organizadora, Cinta Doble Faz, Marcadores de Página, Hilo de Amarre, Hojas de Papel Lustre, Hojas de Cartulina Blanca, Cuaderno Universitario, Cuaderno Cuadriculado, Agenda Escolar 2024, Hojas de Papel Kraft, Papel Crepé de Colores, Papel Bond Tamaño Carta, Hojas de Papel Vegetal, Papel Fotográfico Glossy, Bloc de Papel Acuarela, Papel Milimetrado, Hojas de Papel Reciclado, Rollo de Papel Kraft, Bloc de Notas, Hojas Perforadas A4, Cartulina de Colores, Rollo de Papel Etiqueta, Perforadora Metálica, Calculadora Científica, Archivador de Palanca, Caja de Grapas, Bloc de Notas Adhesivas, Rotulador para CD/DVD, Set de Sobres Blancos, Portafolios de Cartón, Carpeta Plástica A4, Cajonera de Plástico, Caja Organizadora de Papeles, Set de Plumas Fuente, Portaminas Metálico, Calculadora Gráfica, Cortador de Papel, Rotulador Multiuso, Caja de Almacenamiento, Bandeja de Escritorio
